<?xml version="1.0" encoding="UTF-8"?>
<testsuite xmlns:xsi="http://www.w3.org/2001/XMLSchema-instance" xsi:noNamespaceSchemaLocation="https://maven.apache.org/surefire/maven-surefire-plugin/xsd/surefire-test-report.xsd" name="TestSuite" time="15.334" tests="3" errors="0" skipped="0" failures="0">
  <properties>
[...]
</properties>
  <testcase name="verifyEbayHomePageTest" classname="testCases.verifyEbayHomePageTest" time="1.201"/>
  <testcase name="retrieveFirstItemsTest" classname="testCases.retrieveFirstItemsTest" time="3.506"/>
  <testcase name="pricesTeamSportsGoodsFirstPageTest" classname="testCases.pricesTeamSportGoodsFirstPageTest" time="4.892"/>
</testsuite>